#
# There is insufficient memory for the Java Runtime Environment to continue.
# Native memory allocation (mmap) failed to map 266338304 bytes. Error detail: G1 virtual space
# Possible reasons:
#   The system is out of physical RAM or swap space
#   This process is running with CompressedOops enabled, and the Java Heap may be blocking the growth of the native heap
# Possible solutions:
#   Reduce memory load on the system
#   Increase physical memory or swap space
#   Check if swap backing store is full
#   Decrease Java heap size (-Xmx/-Xms)
#   Decrease number of Java threads
#   Decrease Java thread stack sizes (-Xss)
#   Set larger code cache with -XX:ReservedCodeCacheSize=
#   JVM is running with Unscaled Compressed Oops mode in which the Java heap is
#     placed in the first 4GB address space. The Java Heap base address is the
#     maximum limit for the native heap growth. Please use -XX:HeapBaseMinAddress
#     to set the Java Heap base and to place the Java Heap above 4GB virtual address.
# This output file may be truncated or incomplete.
#
#  Out of Memory Error (os_windows.cpp:3707), pid=10168, tid=18216
#
# JRE version:  (23.0.2+7) (build )
# Java VM: Java HotSpot(TM) 64-Bit Server VM (23.0.2+7-58, mixed mode, sharing, tiered, compressed oops, compressed class ptrs, g1 gc, windows-amd64)
# No core dump will be written. Minidumps are not enabled by default on client versions of Windows
#

---------------  S U M M A R Y ------------

Command Line: -Dorg.gradle.internal.worker.tmpdir=D:\GitDevRepositary\CurrentWorkSpace\FullStackDevNov11th2024Repository\university\build\tmp\test\work -Xmx512m -Dfile.encoding=UTF-8 -Duser.country=IN -Duser.language=en -Duser.variant -ea worker.org.gradle.process.internal.worker.GradleWorkerMain 'Gradle Test Executor 2'

Host: 11th Gen Intel(R) Core(TM) i5-1135G7 @ 2.40GHz, 8 cores, 15G,  Windows 11 , 64 bit Build 26100 (10.0.26100.2454)
Time: Wed Feb  5 12:24:40 2025 India Standard Time elapsed time: 1.180940 seconds (0d 0h 0m 1s)

---------------  T H R E A D  ---------------

Current thread (0x0000028139f18930):  JavaThread "Unknown thread" [_thread_in_vm, id=18216, stack(0x000000d004600000,0x000000d004700000) (1024K)]

Stack: [0x000000d004600000,0x000000d004700000]
Native frames: (J=compiled Java code, j=interpreted, Vv=VM code, C=native code)
V  [jvm.dll+0x6e0b99]  (no source info available)
V  [jvm.dll+0x87e2b3]  (no source info available)
V  [jvm.dll+0x88073e]  (no source info available)
V  [jvm.dll+0x880e13]  (no source info available)
V  [jvm.dll+0x27b006]  (no source info available)
V  [jvm.dll+0x6dd485]  (no source info available)
V  [jvm.dll+0x6d127a]  (no source info available)
V  [jvm.dll+0x35b50a]  (no source info available)
V  [jvm.dll+0x363916]  (no source info available)
V  [jvm.dll+0x34fe7e]  (no source info available)
V  [jvm.dll+0x350118]  (no source info available)
V  [jvm.dll+0x328aec]  (no source info available)
V  [jvm.dll+0x32978e]  (no source info available)
V  [jvm.dll+0x8449a5]  (no source info available)
V  [jvm.dll+0x3b9a08]  (no source info available)
V  [jvm.dll+0x82d68c]  (no source info available)
V  [jvm.dll+0x454f2e]  (no source info available)
V  [jvm.dll+0x456db1]  (no source info available)
C  [jli.dll+0x52a3]  (no source info available)
C  [ucrtbase.dll+0x14ea0]  (no source info available)
C  [KERNEL32.DLL+0x2e8d7]  (no source info available)
C  [ntdll.dll+0xdfbcc]  (no source info available)

Lock stack of current Java thread (top to bottom):


---------------  P R O C E S S  ---------------

Threads class SMR info:
_java_thread_list=0x00007ffe0c584618, length=0, elements={
}

Java Threads: ( => current thread )
Total: 0

Other Threads:
  0x000002813c39e5c0 WorkerThread "GC Thread#0"                     [id=9804, stack(0x000000d004700000,0x000000d004800000) (1024K)]
  0x000002813c3a4610 ConcurrentGCThread "G1 Main Marker"            [id=19064, stack(0x000000d004800000,0x000000d004900000) (1024K)]
  0x000002813c3a5130 WorkerThread "G1 Conc#0"                       [id=6212, stack(0x000000d004900000,0x000000d004a00000) (1024K)]

[error occurred during error reporting (printing all threads), id 0xc0000005, EXCEPTION_ACCESS_VIOLATION (0xc0000005) at pc=0x00007ffe0bccc0da]
VM state: not at safepoint (not fully initialized)

VM Mutex/Monitor currently owned by a thread:  ([mutex/lock_event])
[0x00007ffe0c604988] Heap_lock - owner thread: 0x0000028139f18930

Heap address: 0x00000000e0000000, size: 512 MB, Compressed Oops mode: 32-bit

CDS archive(s) mapped at: [0x0000000000000000-0x0000000000000000-0x0000000000000000), size 0, SharedBaseAddress: 0x0000000800000000, ArchiveRelocationMode: 1.
Narrow klass base: 0x0000000000000000, Narrow klass shift: 0, Narrow klass range: 0x0

GC Precious Log:
 CardTable entry size: 512
 Card Set container configuration: InlinePtr #cards 5 size 8 Array Of Cards #cards 10 size 36 Howl #buckets 4 coarsen threshold 1843 Howl Bitmap #cards 512 size 80 coarsen threshold 460 Card regions per heap region 1 cards per card region 2048

Heap:
 garbage-first heap   total reserved 524288K, committed 0K, used 0K [0x00000000e0000000, 0x0000000100000000)
  region size 1024K, 0 young (0K), 0 survivors (0K)

[error occurred during error reporting (printing heap information), id 0xc0000005, EXCEPTION_ACCESS_VIOLATION (0xc0000005) at pc=0x00007ffe0c0cc6a9]
GC Heap History (0 events):
No events

Dll operation events (1 events):
Event: 0.013 Loaded shared library C:\Program Files\Java\jdk-23\bin\java.dll

Deoptimization events (0 events):
No events

Classes loaded (0 events):
No events

Classes unloaded (0 events):
No events

Classes redefined (0 events):
No events

Internal exceptions (0 events):
No events

VM Operations (0 events):
No events

Memory protections (0 events):
No events

Nmethod flushes (0 events):
No events

Events (0 events):
No events


Dynamic libraries:
0x00007ff784250000 - 0x00007ff784260000 	C:\Program Files\Java\jdk-23\bin\java.exe
0x00007ffeb10e0000 - 0x00007ffeb1343000 	C:\WINDOWS\SYSTEM32\ntdll.dll
0x00007ffeb0380000 - 0x00007ffeb0448000 	C:\WINDOWS\System32\KERNEL32.DLL
0x00007ffeae840000 - 0x00007ffeaebf2000 	C:\WINDOWS\System32\KERNELBASE.dll
0x00007ffeaed30000 - 0x00007ffeaee7b000 	C:\WINDOWS\System32\ucrtbase.dll
0x00007ffeaae30000 - 0x00007ffeaae4b000 	C:\Program Files\Java\jdk-23\bin\VCRUNTIME140.dll
0x00007ffea5760000 - 0x00007ffea5777000 	C:\Program Files\Java\jdk-23\bin\jli.dll
0x00007ffeafcc0000 - 0x00007ffeafe88000 	C:\WINDOWS\System32\USER32.dll
0x00007ffeae630000 - 0x00007ffeae657000 	C:\WINDOWS\System32\win32u.dll
0x00007ffeaeff0000 - 0x00007ffeaf01a000 	C:\WINDOWS\System32\GDI32.dll
0x00007ffeaec00000 - 0x00007ffeaed2b000 	C:\WINDOWS\System32\gdi32full.dll
0x00007ffeae790000 - 0x00007ffeae833000 	C:\WINDOWS\System32\msvcp_win.dll
0x00007ffe8dbc0000 - 0x00007ffe8de50000 	C:\WINDOWS\WinSxS\amd64_microsoft.windows.common-controls_6595b64144ccf1df_6.0.26100.2454_none_3e0b68a2e331ad60\COMCTL32.dll
0x00007ffeaf350000 - 0x00007ffeaf3f9000 	C:\WINDOWS\System32\msvcrt.dll
0x00007ffeaf170000 - 0x00007ffeaf19f000 	C:\WINDOWS\System32\IMM32.DLL
0x00007ffea79d0000 - 0x00007ffea79dc000 	C:\Program Files\Java\jdk-23\bin\vcruntime140_1.dll
0x00007ffe911d0000 - 0x00007ffe9125e000 	C:\Program Files\Java\jdk-23\bin\msvcp140.dll
0x00007ffe0b990000 - 0x00007ffe0c6e0000 	C:\Program Files\Java\jdk-23\bin\server\jvm.dll
0x00007ffeb0d10000 - 0x00007ffeb0dc4000 	C:\WINDOWS\System32\ADVAPI32.dll
0x00007ffeafc10000 - 0x00007ffeafcb6000 	C:\WINDOWS\System32\sechost.dll
0x00007ffeaf400000 - 0x00007ffeaf516000 	C:\WINDOWS\System32\RPCRT4.dll
0x00007ffeafa10000 - 0x00007ffeafa84000 	C:\WINDOWS\System32\WS2_32.dll
0x00007ffea2b60000 - 0x00007ffea2b96000 	C:\WINDOWS\SYSTEM32\WINMM.dll
0x00007ffeae340000 - 0x00007ffeae38e000 	C:\WINDOWS\SYSTEM32\POWRPROF.dll
0x00007ffea33b0000 - 0x00007ffea33bb000 	C:\WINDOWS\SYSTEM32\VERSION.dll
0x00007ffeae320000 - 0x00007ffeae334000 	C:\WINDOWS\SYSTEM32\UMPDC.dll
0x00007ffead2f0000 - 0x00007ffead30a000 	C:\WINDOWS\SYSTEM32\kernel.appcore.dll
0x00007ffea69b0000 - 0x00007ffea69ba000 	C:\Program Files\Java\jdk-23\bin\jimage.dll
0x00007ffeabca0000 - 0x00007ffeabee1000 	C:\WINDOWS\SYSTEM32\DBGHELP.DLL
0x00007ffeafff0000 - 0x00007ffeb036e000 	C:\WINDOWS\System32\combase.dll
0x00007ffeb0dd0000 - 0x00007ffeb0ea6000 	C:\WINDOWS\System32\OLEAUT32.dll
0x00007ffe871d0000 - 0x00007ffe87209000 	C:\WINDOWS\SYSTEM32\dbgcore.DLL
0x00007ffeae6f0000 - 0x00007ffeae789000 	C:\WINDOWS\System32\bcryptPrimitives.dll
0x00007ffe911b0000 - 0x00007ffe911ce000 	C:\Program Files\Java\jdk-23\bin\java.dll
0x00007ffeaf1b0000 - 0x00007ffeaf349000 	C:\WINDOWS\System32\ole32.dll
0x00007ffeb0500000 - 0x00007ffeb0c01000 	C:\WINDOWS\System32\SHELL32.dll

dbghelp: loaded successfully - version: 4.0.5 - missing functions: none
symbol engine: initialized successfully - sym options: 0x614 - pdb path: .;C:\Program Files\Java\jdk-23\bin;C:\WINDOWS\SYSTEM32;C:\WINDOWS\WinSxS\amd64_microsoft.windows.common-controls_6595b64144ccf1df_6.0.26100.2454_none_3e0b68a2e331ad60;C:\Program Files\Java\jdk-23\bin\server

VM Arguments:
jvm_args: -Dorg.gradle.internal.worker.tmpdir=D:\GitDevRepositary\CurrentWorkSpace\FullStackDevNov11th2024Repository\university\build\tmp\test\work -Xmx512m -Dfile.encoding=UTF-8 -Duser.country=IN -Duser.language=en -Duser.variant -ea 
java_command: worker.org.gradle.process.internal.worker.GradleWorkerMain 'Gradle Test Executor 2'
java_class_path (initial): C:\\Users\\Admin\\.gradle\\caches\\8.12.1\\workerMain\\gradle-worker.jar;D:\\GitDevRepositary\\CurrentWorkSpace\\FullStackDevNov11th2024Repository\\university\\build\\classes\\java\\test;D:\\GitDevRepositary\\CurrentWorkSpace\\FullStackDevNov11th2024Repository\\university\\build\\classes\\java\\main;D:\\GitDevRepositary\\CurrentWorkSpace\\FullStackDevNov11th2024Repository\\university\\build\\resources\\main;C:\\Users\\Admin\\.gradle\\caches\\modules-2\\files-2.1\\org.springframework.boot\\spring-boot-starter-data-jpa\\3.4.2\\b65a304b493807dff48bf114135dc4aa5f267927\\spring-boot-starter-data-jpa-3.4.2.jar;C:\\Users\\Admin\\.gradle\\caches\\modules-2\\files-2.1\\org.springframework.boot\\spring-boot-starter-web\\3.4.2\\cf1c8efe77dccf221acf5f0ce9cc24c718c0ca44\\spring-boot-starter-web-3.4.2.jar;C:\\Users\\Admin\\.gradle\\caches\\modules-2\\files-2.1\\org.springdoc\\springdoc-openapi-starter-webmvc-ui\\2.8.4\\f96c8341b77ed4a113bdbf8a525dccefb53495d4\\springdoc-openapi-starter-webmvc-ui-2.8.4.jar;C:\\Users\\Admin\\.gradle\\caches\\modules-2\\files-2.1\\org.springframework.boot\\spring-boot-starter-tomcat\\3.4.2\\aa345bdd83adc80db5bc6ac4a711460396ad17ef\\spring-boot-starter-tomcat-3.4.2.jar;C:\\Users\\Admin\\.gradle\\caches\\modules-2\\files-2.1\\com.mysql\\mysql-connector-j\\9.1.0\\5fb1d513278e1a9767dfa80ea9d8d7ee909f1a\\mysql-connector-j-9.1.0.jar;C:\\Users\\Admin\\.gradle\\caches\\modules-2\\files-2.1\\org.springframework.boot\\spring-boot-starter-test\\3.4.2\\d1372e0b45363ba2019b3f5f70bc52092ca2acf0\\spring-boot-starter-test-3.4.2.jar;C:\\Users\\Admin\\.gradle\\caches\\modules-2\\files-2.1\\org.junit.jupiter\\junit-jupiter\\5.11.4\\a699f024a4a4706b36bddbeb42d499aff9e09379\\junit-jupiter-5.11.4.jar;C:\\Users\\Admin\\.gradle\\caches\\modules-2\\files-2.1\\org.junit.jupiter\\junit-jupiter-engine\\5.11.4\\dc10ec209623986a68ea07f67cdc7d2a65a60355\\junit-jupiter-engine-5.11.4.jar;C:\\Users\\Admin\\.gradle\\caches\\modules-2\\files-2.1\\org.junit.platform\\junit-platform-engine\\1.11.4\\21f61b123ad6ac8f7e73971bff3a096c8d8e1cd0\\junit-platform-engine-1.11.4.jar;C:\\Users\\Admin\\.gradle\\caches\\modules-2\\files-2.1\\org.mockito\\mockito-junit-jupiter\\5.14.2\\3cfc377d4bb9fe729f3dd9098d9a9b27da58324a\\mockito-junit-jupiter-5.14.2.jar;C:\\Users\\Admin\\.gradle\\caches\\modules-2\\files-2.1\\org.junit.jupiter\\junit-jupiter-params\\5.11.4\\e4c86fbe2a39c60c6b87260ef7f7e7c1a1906481\\junit-jupiter-params-5.11.4.jar;C:\\Users\\Admin\\.gradle\\caches\\modules-2\\files-2.1\\org.junit.jupiter\\junit-jupiter-api\\5.11.4\\308315b28e667db4091b2ba1f7aa220d1ddadb97\\junit-jupiter-api-5.11.4.jar;C:\\Users\\Admin\\.gradle\\caches\\modules-2\\files-2.1\\org.junit.platform\\junit-platform-commons\\1.11.4\\8898eea3ed0da2641548d602c3e308804f166303\\junit-platform-commons-1.11.4.jar;C:\\Users\\Admin\\.gradle\\caches\\modules-2\\files-2.1\\org.junit.platform\\junit-platform-launcher\\1.11.4\\3d83c201899d8c5e74e1a5d628eab900342a0e48\\junit-platform-launcher-1.11.4.jar;C:\\Users\\Admin\\.gradle\\caches\\modules-2\\files-2.1\\org.springframework.boot\\spring-boot-starter-jdbc\\3.4.2\\a3698cab03ba6daaaa38c16df1b36c862e9e3e4b\\spring-boot-starter-jdbc-3.4.2.jar;C:\\Users\\Admin\\.gradle\\caches\\modules-2\\files-2.1\\org.springframework.boot\\spring-boot-starter-json\\3.4.2\\e413d51228ddaf6a9644533987faa0ae6e18fe47\\spring-boot-starter-json-3.4.2.jar;C:\\Users\\Admin\\.gradle\\caches\\modules-2\\files-2.1\\org.springframework.boot\\spring-boot-starter\\3.4.2\\9d914208449fce99a67d3def60957cdcc98b552a\\spring-boot-starter-3.4.2.jar;C:\\Users\\Admin\\.gradle\\caches\\modules-2\\files-2.1\\org.hibernate.orm\\hibernate-core\\6.6.5.Final\\c81deca40ebdb823d9f8a9e5dc5798a6a205626a\\hibernate-core-6.6.5.Final.jar;C:\\Users\\Admin\\.gradle\\caches\\modules-2\\files-2.1\\org.springframework.data\\spring-data-jpa\\3.4.2\\4213f2d185b49447057823f5ef9de41e931f4f2e\\spring-data-jpa-3.4.2.jar;C:\\Users\\Admin\\.gradle\\caches\\modules-2\\files-2.1\\org.springframework\\spring-aspects\\6.2.2\\e9e0379bc353e43ab1cb326f413bb293d8a52e78\\spring-aspects-6.2.2.jar;C:\\Users\\Admin\\.gradle\\caches\\modules-2\\files-2.1\\org.springdoc\\springdoc-openapi-starter-webmvc-api\\2.8.4\\76d14b6c8046ba9fafad77283289d4f17c65ad4\\springdoc-openapi-starter-webmvc-api-2.8.4.jar;C:\\Users\\Admin\\.gradle\\caches\\modules-2\\files-2.1\\org.springframework\\spring-webmvc\\6.2.2\\9b1aeb179ba9667bc78a4a5cec4ec8087db404d7\\spring-webmvc-6.2.2.jar;C:\\Users\\Admin\\.gradle\\caches\\modules-2\\files-2.1\\org.springframework\\spring-web\\6.2.2\\bd2ef98bf98b6ecf8dd29106ae27b7515524c21\\spring-web-6.2.2.jar;C:\\Users\\Admin\\.gradle\\caches\\modules-2\\files-2.1\\org.webjars\\swagger-ui\\5.18.2\\368118833fc82beedbc17783972c836aa22e0872\\swagger-ui-5.18.2.jar;C:\\Users\\Admin\\.gradle\\caches\\modules-2\\files-2.1\\org.webjars\\webjars-locator-lite\\1.0.1\\b4389136604123d4fe4199cc29b94a33206996bc\\webjars-locator-lite-1.0.1.jar;C:\\Users\\Admin\\.gradle\\caches\\modules-2\\files-2.1\\jakarta.annotation\\jakarta.annotation-api\\2.1.1\\48b9bda22b091b1f48b13af03fe36db3be6e1ae3\\jakarta.annotation-api-2.1.1.jar;C:\\Users\\Admin\\.gradle\\caches\\modules-2\\files-2.1\\org.apache.tomcat.embed\\tomcat-embed-websocket\\10.1.34\\eef6d430f34b6e393b8d9e40f10db9043732b4e5\\tomcat-embed-websocket-10.1.34.jar;C:\\Users\\Admin\\.gradle\\caches\\modules-2\\files-2.1\\org.apache.tomcat.embed\\tomcat-embed-core\\10.1.34\\f610f84be607fbc82e393cc220f0ad45f92afc91\\tomcat-embed-core-10.1.34.jar;C:\\Users\\Admin\\.gradle\\caches\\modules-2\\files-2.1\\org.apache.tomcat.embed\\tomcat-embed-el\\10.1.34\\d2b2daca3bc999c62e58ae36b45ba0582530fb25\\tomcat-embed-el-10.1.34.jar;C:\\Users\\Admin\\.gradle\\caches\\modules-2\\files-2.1\\org.springframework.boot\\spring-boot-test-autoconfigure\\3.4.2\\157da7295ed44a4c3377f6940c03b030c854f741\\spring-boot-test-autoconfigure-3.4.2.jar;C:\\Users\\Admin\\.gradle\\caches\\modules-2\\files-2.1\\org.springframework.boot\\spring-boot-test\\3.4.2\\a13bb23179804f2627eb0f7ca9044359b128099f\\spring-boot-test-3.4.2.jar;C:\\Users\\Admin\\.gradle\\caches\\modules-2\\files-2.1\\com.jayway.jsonpath\\json-path\\2.9.0\\37fe2217f577b0b68b18e62c4d17a8858ecf9b69\\json-path-2.9.0.jar;C:\\Users\\Admin\\.gradle\\caches\\modules-2\\files-2.1\\org.glassfish.jaxb\\jaxb-runtime\\4.0.5\\ca84c2a7169b5293e232b9d00d1e4e36d4c3914a\\jaxb-runtime-4.0.5.jar;C:\\Users\\Admin\\.gradle\\caches\\modules-2\\files-2.1\\org.glassfish.jaxb\\jaxb-core\\4.0.5\\7b4b11ea5542eea4ad55e1080b23be436795b3\\jaxb-core-4.0.5.jar;C:\\Users\\Admin\\.gradle\\caches\\modules-2\\files-2.1\\org.springdoc\\springdoc-openapi-starter-common\\2.8.4\\c22559871f68d638d22610a09350ab63521b86e2\\springdoc-openapi-starter-common-2.8.4.jar;C:\\Users\\Admin\\.gradle\\caches\\modules-2\\files-2.1\\io.swagger.core.v3\\swagger-core-jakarta\\2.2.28\\d990934d07d250cedcf2bbc7632118ae316bf712\\swagger-core-jakarta-2.2.28.jar;C:\\Users\\Admin\\.gradle\\caches\\modules-2\\files-2.1\\jakarta.xml.bind\\jakarta.xml.bind-api\\4.0.2\\6cd5a999b834b63238005b7144136379dc36cad2\\jakarta.xml.bind-api-4.0.2.jar;C:\\Users\\Admin\\.gradle\\caches\\modules-2\\files-2.1\\net.minidev\\json-smart\\2.5.1\\4c11d2808d009132dfbbf947ebf37de6bf266c8e\\json-smart-2.5.1.jar;C:\\Users\\Admin\\.gradle\\caches\\modules-2\\files-2.1\\org.assertj\\assertj-core\\3.26.3\\d26263eb7524252d98e602fc6942996a3195e29\\assertj-core-3.26.3.jar;C:\\Users\\Admin\\.gradle\\caches\\modules-2\\files-2.1\\org.awaitility\\awaitility\\4.2.2\\7336242073ebf83fe034e42b46a403c5501b63c9\\awaitility-4.2.2.jar;C:\\Users\\Admin\\.gradle\\caches\\modules-2\\files-2.1\\org.hamcrest\\hamcrest\\2.2\\1820c0968dba3a11a1b30669bb1f01978a91dedc\\hamcrest-2.2.jar;C:\\Users\\Admin\\.gradle\\caches\\modules-2\\files-2.1\\org.mockito\\mockito-core\\5.14.2\\f7bf936008d7664e2002c3faf0c02071c8d10e7c\\mockito-core-5.14.2.jar;C:\\Users\\Admin\\.gradle\\caches\\modules-2\\files-2.1\\org.skyscreamer\\jsonassert\\1.5.3\\aaa43e0823d2a0e106e8754d6a9c4ab24e05e9bc\\jsonassert-1.5.3.jar;C:\\Users\\Admin\\.gradle\\caches\\modules-2\\files-2.1\\org.springframework\\spring-test\\6.2.2\\a9cacd039aa3da76c6b8d0ca3b7c41f6424bf6fb\\spring-test-6.2.2.jar;C:\\Users\\Admin\\.gradle\\caches\\modules-2\\files-2.1\\org.springframework.boot\\spring-boot-autoconfigure\\3.4.2\\c50511dba751ffe7df320d27c6875feb2745654e\\spring-boot-autoconfigure-3.4.2.jar;C:\\Users\\Admin\\.gradle\\caches\\modules-2\\files-2.1\\org.springframework.boot\\spring-boot\\3.4.2\\b2514201ba6b838bd638a51619515501c5baefea\\spring-boot-3.4.2.jar;C:\\Users\\Admin\\.gradle\\caches\\modules-2\\files-2.1\\org.springframework\\spring-orm\\6.2.2\\98d0c8e2f8f65b776b24ffa979e9802a0c7085d7\\spring-orm-6.2.2.jar;C:\\Users\\Admin\\.gradle\\caches\\modules-2\\files-2.1\\org.springframework\\spring-jdbc\\6.2.2\\840572e748c1dfe7122e19a10888918e5ecfb631\\spring-jdbc-6.2.2.jar;C:\\Users\\Admin\\.gradle\\caches\\modules-2\\files-2.1\\org.springframework.data\\spring-data-commons\\3.4.2\\387ff91a749cce404f7a6e4a15a3b75ff497bdbc\\spring-data-commons-3.4.2.jar;C:\\Users\\Admin\\.gradle\\caches\\modules-2\\files-2.1\\org.springframework\\spring-context\\6.2.2\\aa01a7faa3694983339ca7e45619860ef34052d6\\spring-context-6.2.2.jar;C:\\Users\\Admin\\.gradle\\caches\\modules-2\\files-2.1\\org.springframework\\spring-aop\\6.2.2\\2a1a445d4cd8e5fe2311df04fc25c0bc54bd2ce4\\spring-aop-6.2.2.jar;C:\\Users\\Admin\\.gradle\\caches\\modules-2\\files-2.1\\org.springframework\\spring-tx\\6.2.2\\91a2e378d0e457b9c500f2b30aaf8a7a422ba522\\spring-tx-6.2.2.jar;C:\\Users\\Admin\\.gradle\\caches\\modules-2\\files-2.1\\org.springframework\\spring-beans\\6.2.2\\ec8ee520ff7b147de8ac04d330848d468253f84d\\spring-beans-6.2.2.jar;C:\\Users\\Admin\\.gradle\\caches\\modules-2\\files-2.1\\org.springframework\\spring-expression\\6.2.2\\20164dd3a70d0048185cf02bb1b097b22e73d820\\spring-expression-6.2.2.jar;C:\\Users\\Admin\\.gradle\\caches\\modules-2\\files-2.1\\org.springframework\\spring-core\\6.2.2\\94269e888dc979e75a1a1b9600d7153d72e6a7f1\\spring-core-6.2.2.jar;C:\\Users\\Admin\\.gradle\\caches\\modules-2\\files-2.1\\org.xmlunit\\xmlunit-core\\2.10.0\\1355088731b4ec2107ff7f319f0d7445d916bab\\xmlunit-core-2.10.0.jar;C:\\Users\\Admin\\.gradle\\caches\\modules-2\\files-2.1\\org.springframework.boot\\spring-boot-starter-logging\\3.4.2\\be7631ab8d3cb2a6a3c9981dcaa6d0867c964772\\spring-boot-starter-logging-3.4.2.jar;C:\\Users\\Admin\\.gradle\\caches\\modules-2\\files-2.1\\com.fasterxml.jackson.datatype\\jackson-datatype-jdk8\\2.18.2\\9ed6d538ebcc66864e114a7040953dce6ab6ea53\\jackson-datatype-jdk8-2.18.2.jar;C:\\Users\\Admin\\.gradle\\caches\\modules-2\\files-2.1\\com.fasterxml.jackson.datatype\\jackson-datatype-jsr310\\2.18.2\\7b6ff96adf421f4c6edbd694e797dd8fe434510a\\jackson-datatype-jsr310-2.18.2.jar;C:\\Users\\Admin\\.gradle\\caches\\modules-2\\files-2.1\\com.fasterxml.jackson.module\\jackson-module-parameter-names\\2.18.2\\72960cb3277347a748911d100c3302d60e8a616a\\jackson-module-parameter-names-2.18.2.jar;C:\\Users\\Admin\\.gradle\\caches\\modules-2\\files-2.1\\com.fasterxml.jackson.core\\jackson-databind\\2.18.2\\deef8697b92141fb6caf7aa86966cff4eec9b04f\\jackson-databind-2.18.2.jar;C:\\Users\\Admin\\.gradle\\caches\\modules-2\\files-2.1\\io.swagger.core.v3\\swagger-models-jakarta\\2.2.28\\72865af71d886a979322def19fc86753f267d4f7\\swagger-models-jakarta-2.2.28.jar;C:\\Users\\Admin\\.gradle\\caches\\modules-2\\files-2.1\\com.fasterxml.jackson.core\\jackson-annotations\\2.18.2\\985d77751ebc7fce5db115a986bc9aa82f973f4a\\jackson-annotations-2.18.2.jar;C:\\Users\\Admin\\.gradle\\caches\\modules-2\\files-2.1\\com.fasterxml.jackson.core\\jackson-core\\2.18.2\\fb64ccac5c27dca8819418eb4e443a9f496d9ee7\\jackson-core-2.18.2.jar;C:\\Users\\Admin\\.gradle\\caches\\modules-2\\files-2.1\\com.fasterxml.jackson.dataformat\\jackson-dataformat-yaml\\2.18.2\\d000e13505d1cf564371516fa3d5b8769a779dc9\\jackson-dataformat-yaml-2.18.2.jar;C:\\Users\\Admin\\.gradle\\caches\\modules-2\\files-2.1\\org.yaml\\snakeyaml\\2.3\\936b36210e27320f920536f695cf1af210c44586\\snakeyaml-2.3.jar;C:\\Users\\Admin\\.gradle\\caches\\modules-2\\files-2.1\\com.zaxxer\\HikariCP\\5.1.0\\8c96e36c14461fc436bb02b264b96ef3ca5dca8c\\HikariCP-5.1.0.jar;C:\\Users\\Admin\\.gradle\\caches\\modules-2\\files-2.1\\jakarta.persistence\\jakarta.persistence-api\\3.1.0\\66901fa1c373c6aff65c13791cc11da72060a8d6\\jakarta.persistence-api-3.1.0.jar;C:\\Users\\Admin\\.gradle\\caches\\modules-2\\files-2.1\\jakarta.transaction\\jakarta.transaction-api\\2.0.1\\51a520e3fae406abb84e2e1148e6746ce3f80a1a\\jakarta.transaction-api-2.0.1.jar;C:\\Users\\Admin\\.gradle\\caches\\modules-2\\files-2.1\\org.jboss.logging\\jboss-logging\\3.6.1.Final\\886afbb445b4016a37c8960a7aef6ebd769ce7e5\\jboss-logging-3.6.1.Final.jar;C:\\Users\\Admin\\.gradle\\caches\\modules-2\\files-2.1\\org.hibernate.common\\hibernate-commons-annotations\\7.0.3.Final\\e183c4be8bb41d12e9f19b374e00c34a0a85f439\\hibernate-commons-annotations-7.0.3.Final.jar;C:\\Users\\Admin\\.gradle\\caches\\modules-2\\files-2.1\\io.smallrye\\jandex\\3.2.0\\f17ad860f62a08487b9edabde608f8ac55c62fa7\\jandex-3.2.0.jar;C:\\Users\\Admin\\.gradle\\caches\\modules-2\\files-2.1\\com.fasterxml\\classmate\\1.7.0\\e98374da1f2143ac8e6e0a95036994bb19137a3\\classmate-1.7.0.jar;C:\\Users\\Admin\\.gradle\\caches\\modules-2\\files-2.1\\net.bytebuddy\\byte-buddy\\1.15.11\\f61886478e0f9ee4c21d09574736f0ff45e0a46c\\byte-buddy-1.15.11.jar;C:\\Users\\Admin\\.gradle\\caches\\modules-2\\files-2.1\\jakarta.inject\\jakarta.inject-api\\2.0.1\\4c28afe1991a941d7702fe1362c365f0a8641d1e\\jakarta.inject-api-2.0.1.jar;C:\\Users\\Admin\\.gradle\\caches\\modules-2\\files-2.1\\org.antlr\\antlr4-runtime\\4.13.0\\5a02e48521624faaf5ff4d99afc88b01686af655\\antlr4-runtime-4.13.0.jar;C:\\Users\\Admin\\.gradle\\caches\\modules-2\\files-2.1\\ch.qos.logback\\logback-classic\\1.5.16\\113979db51dfad6dc895b34460d7b7ff64ffe7d2\\logback-classic-1.5.16.jar;C:\\Users\\Admin\\.gradle\\caches\\modules-2\\files-2.1\\org.apache.logging.log4j\\log4j-to-slf4j\\2.24.3\\da1143e2a2531ee1c2d90baa98eb50a28a39d5a7\\log4j-to-slf4j-2.24.3.jar;C:\\Users\\Admin\\.gradle\\caches\\modules-2\\files-2.1\\org.slf4j\\jul-to-slf4j\\2.0.16\\6d57da3e961daac65bcca0dd3def6cd11e48a24a\\jul-to-slf4j-2.0.16.jar;C:\\Users\\Admin\\.gradle\\caches\\modules-2\\files-2.1\\org.slf4j\\slf4j-api\\2.0.16\\172931663a09a1fa515567af5fbef00897d3c04\\slf4j-api-2.0.16.jar;C:\\Users\\Admin\\.gradle\\caches\\modules-2\\files-2.1\\org.aspectj\\aspectjweaver\\1.9.22.1\\bca243d0af0db4758fbae45c5f4995cb5dabb612\\aspectjweaver-1.9.22.1.jar;C:\\Users\\Admin\\.gradle\\caches\\modules-2\\files-2.1\\io.micrometer\\micrometer-observation\\1.14.3\\cd66186a1fe8465dc732d9514bade1104044b56d\\micrometer-observation-1.14.3.jar;C:\\Users\\Admin\\.gradle\\caches\\modules-2\\files-2.1\\org.jspecify\\jspecify\\1.0.0\\7425a601c1c7ec76645a78d22b8c6a627edee507\\jspecify-1.0.0.jar;C:\\Users\\Admin\\.gradle\\caches\\modules-2\\files-2.1\\org.eclipse.angus\\angus-activation\\2.0.2\\41f1e0ddd157c856926ed149ab837d110955a9fc\\angus-activation-2.0.2.jar;C:\\Users\\Admin\\.gradle\\caches\\modules-2\\files-2.1\\jakarta.activation\\jakarta.activation-api\\2.1.3\\fa165bd70cda600368eee31555222776a46b881f\\jakarta.activation-api-2.1.3.jar;C:\\Users\\Admin\\.gradle\\caches\\modules-2\\files-2.1\\net.minidev\\accessors-smart\\2.5.1\\19b820261eb2e7de7d5bde11d1c06e4501dd7e5f\\accessors-smart-2.5.1.jar;C:\\Users\\Admin\\.gradle\\caches\\modules-2\\files-2.1\\net.bytebuddy\\byte-buddy-agent\\1.15.11\\a38b16385e867f59a641330f0362ebe742788ed8\\byte-buddy-agent-1.15.11.jar;C:\\Users\\Admin\\.gradle\\caches\\modules-2\\files-2.1\\org.objenesis\\objenesis\\3.3\\1049c09f1de4331e8193e579448d0916d75b7631\\objenesis-3.3.jar;C:\\Users\\Admin\\.gradle\\caches\\modules-2\\files-2.1\\com.vaadin.external.google\\android-json\\0.0.20131108.vaadin1\\fa26d351fe62a6a17f5cda1287c1c6110dec413f\\android-json-0.0.20131108.vaadin1.jar;C:\\Users\\Admin\\.gradle\\caches\\modules-2\\files-2.1\\org.springframework\\spring-jcl\\6.2.2\\1fbbb0b2e85c6eac7c366c5eed5b124785f05ac8\\spring-jcl-6.2.2.jar;C:\\Users\\Admin\\.gradle\\caches\\modules-2\\files-2.1\\org.opentest4j\\opentest4j\\1.3.0\\152ea56b3a72f655d4fd677fc0ef2596c3dd5e6e\\opentest4j-1.3.0.jar;C:\\Users\\Admin\\.gradle\\caches\\modules-2\\files-2.1\\io.micrometer\\micrometer-commons\\1.14.3\\bf17f05dd6343d36ecc31076197a962cfdf46131\\micrometer-commons-1.14.3.jar;C:\\Users\\Admin\\.gradle\\caches\\modules-2\\files-2.1\\org.ow2.asm\\asm\\9.6\\aa205cf0a06dbd8e04ece91c0b37c3f5d567546a\\asm-9.6.jar;C:\\Users\\Admin\\.gradle\\caches\\modules-2\\files-2.1\\ch.qos.logback\\logback-core\\1.5.16\\4f17700f046900aea2fadf115e2d67fec921f7fd\\logback-core-1.5.16.jar;C:\\Users\\Admin\\.gradle\\caches\\modules-2\\files-2.1\\org.apache.logging.log4j\\log4j-api\\2.24.3\\b02c125db8b6d295adf72ae6e71af5d83bce2370\\log4j-api-2.24.3.jar;C:\\Users\\Admin\\.gradle\\caches\\modules-2\\files-2.1\\org.glassfish.jaxb\\txw2\\4.0.5\\f36a4ef12120a9bb06d766d6a0e54b144fd7ed98\\txw2-4.0.5.jar;C:\\Users\\Admin\\.gradle\\caches\\modules-2\\files-2.1\\com.sun.istack\\istack-commons-runtime\\4.1.2\\18ec117c85f3ba0ac65409136afa8e42bc74e739\\istack-commons-runtime-4.1.2.jar;C:\\Users\\Admin\\.gradle\\caches\\modules-2\\files-2.1\\org.apache.commons\\commons-lang3\\3.17.0\\b17d2136f0460dcc0d2016ceefca8723bdf4ee70\\commons-lang3-3.17.0.jar;C:\\Users\\Admin\\.gradle\\caches\\modules-2\\files-2.1\\io.swagger.core.v3\\swagger-annotations-jakarta\\2.2.28\\4b303c4bf8940b417e50e3600eb63aa6f6531f0\\swagger-annotations-jakarta-2.2.28.jar;C:\\Users\\Admin\\.gradle\\caches\\modules-2\\files-2.1\\jakarta.validation\\jakarta.validation-api\\3.0.2\\92b6631659ba35ca09e44874d3eb936edfeee532\\jakarta.validation-api-3.0.2.jar
Launcher Type: SUN_STANDARD

[Global flags]
     intx CICompilerCount                          = 4                                         {product} {ergonomic}
     uint ConcGCThreads                            = 2                                         {product} {ergonomic}
     uint G1ConcRefinementThreads                  = 8                                         {product} {ergonomic}
   size_t G1HeapRegionSize                         = 1048576                                   {product} {ergonomic}
   size_t InitialHeapSize                          = 266338304                                 {product} {ergonomic}
   size_t MarkStackSize                            = 4194304                                   {product} {ergonomic}
   size_t MarkStackSizeMax                         = 536870912                                 {product} {ergonomic}
   size_t MaxHeapSize                              = 536870912                                 {product} {command line}
   size_t MinHeapDeltaBytes                        = 1048576                                   {product} {ergonomic}
   size_t MinHeapSize                              = 8388608                                   {product} {ergonomic}
    uintx NonNMethodCodeHeapSize                   = 5832704                                {pd product} {ergonomic}
    uintx NonProfiledCodeHeapSize                  = 122945536                              {pd product} {ergonomic}
    uintx ProfiledCodeHeapSize                     = 122880000                              {pd product} {ergonomic}
    uintx ReservedCodeCacheSize                    = 251658240                              {pd product} {ergonomic}
     bool SegmentedCodeCache                       = true                                      {product} {ergonomic}
   size_t SoftMaxHeapSize                          = 536870912                              {manageable} {ergonomic}
     bool UseCompressedOops                        = true                           {product lp64_product} {ergonomic}
     bool UseG1GC                                  = true                                      {product} {ergonomic}
     bool UseLargePagesIndividualAllocation        = false                                  {pd product} {ergonomic}

Logging:
Log output configuration:
 #0: stdout all=warning uptime,level,tags foldmultilines=false
 #1: stderr all=off uptime,level,tags foldmultilines=false

Environment Variables:
JAVA_HOME=C:\Program Files\Java\jdk-23
PATH=C:\Program Files\Common Files\Oracle\Java\javapath;C:\app\Admin\product\21c\dbhomeXE\bin;C:\WINDOWS\system32;C:\WINDOWS;C:\WINDOWS\System32\Wbem;C:\WINDOWS\System32\WindowsPowerShell\v1.0\;C:\WINDOWS\System32\OpenSSH\;D:\BuildTool\apache-maven\bin;C:\Program Files\Java\jdk-23\bin;D:\TomCatServer\apache-tomcat\bin;C:\Program Files\Git\cmd;D:\GRADLETOOL\gradle-8.12.1\bin;C:\Program Files\Java\jdk-23\bin;;C:\Program Files\Docker\Docker\resources\bin;C:\Program Files\MySQL\MySQL Shell 8.0\bin\;C:\Users\Admin\AppData\Local\Microsoft\WindowsApps;C:\Program Files\JetBrains\PyCharm 2024.1.1\bin;;C:\Users\Admin\AppData\Local\Programs\Microsoft VS Code\bin;
USERNAME=Admin
OS=Windows_NT
PROCESSOR_IDENTIFIER=Intel64 Family 6 Model 140 Stepping 1, GenuineIntel
TMP=C:\Users\Admin\AppData\Local\Temp
TEMP=C:\Users\Admin\AppData\Local\Temp




Periodic native trim disabled

---------------  S Y S T E M  ---------------

OS:
 Windows 11 , 64 bit Build 26100 (10.0.26100.2454)
OS uptime: 0 days 23:02 hours
Hyper-V role detected

CPU: total 8 (initial active 8) (4 cores per cpu, 2 threads per core) family 6 model 140 stepping 1 microcode 0xb6, cx8, cmov, fxsr, ht, mmx, 3dnowpref, sse, sse2, sse3, ssse3, sse4.1, sse4.2, popcnt, lzcnt, tsc, tscinvbit, avx, avx2, aes, erms, clmul, bmi1, bmi2, adx, avx512f, avx512dq, avx512cd, avx512bw, avx512vl, sha, fma, vzeroupper, avx512_vpopcntdq, avx512_vpclmulqdq, avx512_vaes, avx512_vnni, clflush, clflushopt, clwb, avx512_vbmi2, avx512_vbmi, hv, rdtscp, rdpid, fsrm, gfni, avx512_bitalg, f16c, cet_ibt, cet_ss, avx512_ifma
Processor Information for the first 8 processors :
  Max Mhz: 2419, Current Mhz: 2419, Mhz Limit: 2419

Memory: 4k page, system-wide physical 16149M (4526M free)
TotalPageFile size 18197M (AvailPageFile size 198M)
current process WorkingSet (physical memory assigned to process): 13M, peak: 13M
current process commit charge ("private bytes"): 60M, peak: 314M

vm_info: Java HotSpot(TM) 64-Bit Server VM (23.0.2+7-58) for windows-amd64 JRE (23.0.2+7-58), built on 2024-11-29T09:34:55Z with MS VC++ 17.6 (VS2022)

END.
